"G:/UnrealProjects/MetalInMotion/Content/StarterContent/Audio/Starter_Birds01.uasset" 0
"G:/UnrealProjects/MetalInMotion/Content/StarterContent/Audio/Starter_Birds01.uexp" 1
"G:/UnrealProjects/MetalInMotion/Content/StarterContent/Audio/Starter_Wind05.uasset" 2
"G:/UnrealProjects/MetalInMotion/Content/StarterContent/Audio/Starter_Wind05.uexp" 3
"G:/UnrealProjects/MetalInMotion/Content/StarterContent/Audio/Starter_Wind06.uasset" 4
"G:/UnrealProjects/MetalInMotion/Content/StarterContent/Audio/Starter_Wind06.uexp" 5
"G:/UnrealProjects/MetalInMotion/Content/_Game/Widgets/HUD.uasset" 6
"G:/UnrealProjects/MetalInMotion/Content/_Game/Widgets/HUD.uexp" 7
"../../../Engine/Content/EditorBlueprintResources/StandardMacros.uasset" 8
"../../../Engine/Content/EditorBlueprintResources/StandardMacros.uexp" 9
"G:/UnrealProjects/MetalInMotion/Content/_Game/GameData/BP_MetalInMotionGameInstance.uasset" 10
"G:/UnrealProjects/MetalInMotion/Content/_Game/GameData/BP_MetalInMotionGameInstance.uexp" 11
"../../../Engine/Content/Functions/Engine_MaterialFunctions01/Opacity/CameraDepthFade.uasset" 12
"../../../Engine/Content/Functions/Engine_MaterialFunctions01/Opacity/CameraDepthFade.uexp" 13
"../../../Engine/Content/EngineMaterials/T_Default_Material_Grid_N.uasset" 14
"../../../Engine/Content/EngineMaterials/T_Default_Material_Grid_N.uexp" 15
"../../../Engine/Content/EngineMaterials/T_Default_Material_Grid_N.ubulk" 16
"../../../Engine/Content/EngineMaterials/T_Default_Material_Grid_M.uasset" 17
"../../../Engine/Content/EngineMaterials/T_Default_Material_Grid_M.uexp" 18
"../../../Engine/Content/EngineMaterials/T_Default_Material_Grid_M.ubulk" 19
"../../../Engine/Content/EngineMaterials/WorldGridMaterial.uasset" 20
"../../../Engine/Content/EngineMaterials/WorldGridMaterial.uexp" 21
"G:/UnrealProjects/MetalInMotion/Content/StarterContent/Props/MaterialSphere.uasset" 22
"G:/UnrealProjects/MetalInMotion/Content/StarterContent/Props/MaterialSphere.uexp" 23
"G:/UnrealProjects/MetalInMotion/Content/StarterContent/Textures/T_Metal_Gold_N.uasset" 24
"G:/UnrealProjects/MetalInMotion/Content/StarterContent/Textures/T_Metal_Gold_N.uexp" 25
"G:/UnrealProjects/MetalInMotion/Content/StarterContent/Textures/T_Metal_Gold_N.ubulk" 26
"G:/UnrealProjects/MetalInMotion/Content/StarterContent/Textures/T_Metal_Aluminum_D.uasset" 27
"G:/UnrealProjects/MetalInMotion/Content/StarterContent/Textures/T_Metal_Aluminum_D.uexp" 28
"G:/UnrealProjects/MetalInMotion/Content/StarterContent/Textures/T_Metal_Aluminum_D.ubulk" 29
"G:/UnrealProjects/MetalInMotion/Content/StarterContent/Textures/T_MacroVariation.uasset" 30
"G:/UnrealProjects/MetalInMotion/Content/StarterContent/Textures/T_MacroVariation.uexp" 31
"G:/UnrealProjects/MetalInMotion/Content/StarterContent/Materials/M_Metal_Burnished_Steel.uasset" 32
"G:/UnrealProjects/MetalInMotion/Content/StarterContent/Materials/M_Metal_Burnished_Steel.uexp" 33
"G:/UnrealProjects/MetalInMotion/Content/_Game/BallBearings/BP_PlayerBallBearing.uasset" 34
"G:/UnrealProjects/MetalInMotion/Content/_Game/BallBearings/BP_PlayerBallBearing.uexp" 35
"G:/UnrealProjects/MetalInMotion/Content/_Game/Audio/applause3.uasset" 36
"G:/UnrealProjects/MetalInMotion/Content/_Game/Audio/applause3.uexp" 37
"G:/UnrealProjects/MetalInMotion/Content/_Game/Audio/applause3_Cue.uasset" 38
"G:/UnrealProjects/MetalInMotion/Content/_Game/Audio/applause3_Cue.uexp" 39
"G:/UnrealProjects/MetalInMotion/Content/StarterContent/Audio/Starter_Background_Cue.uasset" 40
"G:/UnrealProjects/MetalInMotion/Content/StarterContent/Audio/Starter_Background_Cue.uexp" 41
"G:/UnrealProjects/MetalInMotion/Content/_Game/GameData/BP_MetalInMotionGameMode.uasset" 42
"G:/UnrealProjects/MetalInMotion/Content/_Game/GameData/BP_MetalInMotionGameMode.uexp" 43
"../../../Engine/Content/ArtTools/RenderToTexture/Meshes/S_1_Unit_Plane.uasset" 44
"../../../Engine/Content/ArtTools/RenderToTexture/Meshes/S_1_Unit_Plane.uexp" 45
"../../../Engine/Content/EngineMaterials/DefaultMaterial.uasset" 46
"../../../Engine/Content/EngineMaterials/DefaultMaterial.uexp" 47
"../../../Engine/Content/BasicShapes/Cone.uasset" 48
"../../../Engine/Content/BasicShapes/Cone.uexp" 49
"../../../Engine/Content/BasicShapes/Cube.uasset" 50
"../../../Engine/Content/BasicShapes/Cube.uexp" 51
"../../../Engine/Content/BasicShapes/Plane.uasset" 52
"../../../Engine/Content/BasicShapes/Plane.uexp" 53
"../../../Engine/Content/BasicShapes/Sphere.uasset" 54
"../../../Engine/Content/BasicShapes/Sphere.uexp" 55
"../../../Engine/Content/EditorLandscapeResources/DataLayer.uasset" 56
"../../../Engine/Content/EditorLandscapeResources/DataLayer.uexp" 57
"../../../Engine/Content/EditorLandscapeResources/DefaultAlphaTexture.uasset" 58
"../../../Engine/Content/EditorLandscapeResources/DefaultAlphaTexture.uexp" 59
"../../../Engine/Content/EditorMaterials/MAT_Groups_Toggle.uasset" 60
"../../../Engine/Content/EditorMaterials/MAT_Groups_Toggle.uexp" 61
"../../../Engine/Content/EditorMaterials/MAT_Groups_Visibility.uasset" 62
"../../../Engine/Content/EditorMaterials/MAT_Groups_Visibility.uexp" 63
"../../../Engine/Content/EditorMaterials/PreviewShadowIndicator.uasset" 64
"../../../Engine/Content/EditorMaterials/PreviewShadowIndicator.uexp" 65
"../../../Engine/Content/EditorMaterials/PreviewShadowIndicator.ubulk" 66
"../../../Engine/Content/EditorMaterials/PreviewShadowIndicatorMaterial.uasset" 67
"../../../Engine/Content/EditorMaterials/PreviewShadowIndicatorMaterial.uexp" 68
"../../../Engine/Content/EditorMaterials/MatineeGroups/MAT_ColorTrack.uasset" 69
"../../../Engine/Content/EditorMaterials/MatineeGroups/MAT_ColorTrack.uexp" 70
"../../../Engine/Content/EditorMaterials/MatineeGroups/MAT_Groups_Anim.uasset" 71
"../../../Engine/Content/EditorMaterials/MatineeGroups/MAT_Groups_Anim.uexp" 72
"../../../Engine/Content/EditorMaterials/MatineeGroups/MAT_Groups_AudioMaster.uasset" 73
"../../../Engine/Content/EditorMaterials/MatineeGroups/MAT_Groups_AudioMaster.uexp" 74
"../../../Engine/Content/EditorMaterials/MatineeGroups/MAT_Groups_Director.uasset" 75
"../../../Engine/Content/EditorMaterials/MatineeGroups/MAT_Groups_Director.uexp" 76
"../../../Engine/Content/EditorMaterials/MatineeGroups/MAT_Groups_Event.uasset" 77
"../../../Engine/Content/EditorMaterials/MatineeGroups/MAT_Groups_Event.uexp" 78
"../../../Engine/Content/EditorMaterials/MatineeGroups/MAT_Groups_Fade.uasset" 79
"../../../Engine/Content/EditorMaterials/MatineeGroups/MAT_Groups_Fade.uexp" 80
"../../../Engine/Content/EditorMaterials/MatineeGroups/MAT_Groups_Float.uasset" 81
"../../../Engine/Content/EditorMaterials/MatineeGroups/MAT_Groups_Float.uexp" 82
"../../../Engine/Content/EditorMaterials/MatineeGroups/MAT_Groups_Move.uasset" 83
"../../../Engine/Content/EditorMaterials/MatineeGroups/MAT_Groups_Move.uexp" 84
"../../../Engine/Content/EditorMaterials/MatineeGroups/MAT_Groups_Slomo.uasset" 85
"../../../Engine/Content/EditorMaterials/MatineeGroups/MAT_Groups_Slomo.uexp" 86
"../../../Engine/Content/EditorMaterials/MatineeGroups/MAT_Groups_Sound.uasset" 87
"../../../Engine/Content/EditorMaterials/MatineeGroups/MAT_Groups_Sound.uexp" 88
"../../../Engine/Content/EditorMaterials/MatineeGroups/MAT_Groups_Vector.uasset" 89
"../../../Engine/Content/EditorMaterials/MatineeGroups/MAT_Groups_Vector.uexp" 90
"../../../Engine/Content/EditorMaterials/ParticleSystems/PSysThumbnail_NoImage.uasset" 91
"../../../Engine/Content/EditorMaterials/ParticleSystems/PSysThumbnail_NoImage.uexp" 92
"../../../Engine/Content/EditorMaterials/ParticleSystems/PSysThumbnail_NoImage.ubulk" 93
"../../../Engine/Content/EditorMaterials/ParticleSystems/PSysThumbnail_OOD.uasset" 94
"../../../Engine/Content/EditorMaterials/ParticleSystems/PSysThumbnail_OOD.uexp" 95
"../../../Engine/Content/EditorMaterials/ParticleSystems/PSysThumbnail_OOD.ubulk" 96
"../../../Engine/Content/EditorMaterials/Camera/CineMat.uasset" 97
"../../../Engine/Content/EditorMaterials/Camera/CineMat.uexp" 98
"../../../Engine/Content/EditorMaterials/Camera/MI_CineMat_Rig.uasset" 99
"../../../Engine/Content/EditorMaterials/Camera/MI_CineMat_Rig.uexp" 100
"../../../Engine/Content/EditorMeshes/Camera/SM_CraneRig_Arm.uasset" 101
"../../../Engine/Content/EditorMeshes/Camera/SM_CraneRig_Arm.uexp" 102
"../../../Engine/Content/EditorMeshes/Camera/SM_CraneRig_Base.uasset" 103
"../../../Engine/Content/EditorMeshes/Camera/SM_CraneRig_Base.uexp" 104
"../../../Engine/Content/EditorMeshes/Camera/SM_CraneRig_Body.uasset" 105
"../../../Engine/Content/EditorMeshes/Camera/SM_CraneRig_Body.uexp" 106
"../../../Engine/Content/EditorMeshes/Camera/SM_CraneRig_Mount.uasset" 107
"../../../Engine/Content/EditorMeshes/Camera/SM_CraneRig_Mount.uexp" 108
"../../../Engine/Content/EditorMeshes/Camera/SM_RailRig_Mount.uasset" 109
"../../../Engine/Content/EditorMeshes/Camera/SM_RailRig_Mount.uexp" 110
"../../../Engine/Content/EditorMeshes/Camera/SM_RailRig_Track.uasset" 111
"../../../Engine/Content/EditorMeshes/Camera/SM_RailRig_Track.uexp" 112
"../../../Engine/Content/EditorResources/BSPVertex.uasset" 113
"../../../Engine/Content/EditorResources/BSPVertex.uexp" 114
"../../../Engine/Content/EditorResources/EmptyActor.uasset" 115
"../../../Engine/Content/EditorResources/EmptyActor.uexp" 116
"../../../Engine/Content/EditorResources/S_Actor.uasset" 117
"../../../Engine/Content/EditorResources/S_Actor.uexp" 118
"../../../Engine/Content/EditorResources/S_Actor.ubulk" 119
"../../../Engine/Content/EditorResources/S_Note.uasset" 120
"../../../Engine/Content/EditorResources/S_Note.uexp" 121
"../../../Engine/Content/EditorResources/S_Note.ubulk" 122
"../../../Engine/Content/EditorResources/S_Solver.uasset" 123
"../../../Engine/Content/EditorResources/S_Solver.uexp" 124
"../../../Engine/Content/EditorResources/S_Solver.ubulk" 125
"../../../Engine/Content/EditorResources/S_Terrain.uasset" 126
"../../../Engine/Content/EditorResources/S_Terrain.uexp" 127
"../../../Engine/Content/EditorResources/S_Terrain.ubulk" 128
"../../../Engine/Content/EditorResources/S_Trigger.uasset" 129
"../../../Engine/Content/EditorResources/S_Trigger.uexp" 130
"../../../Engine/Content/EditorResources/S_Trigger.ubulk" 131
"../../../Engine/Content/EditorResources/LightIcons/S_LightError.uasset" 132
"../../../Engine/Content/EditorResources/LightIcons/S_LightError.uexp" 133
"../../../Engine/Content/EditorResources/SequenceRecorder/Countdown.uasset" 134
"../../../Engine/Content/EditorResources/SequenceRecorder/Countdown.uexp" 135
"../../../Engine/Content/EditorResources/SequenceRecorder/RecordingIndicator.uasset" 136
"../../../Engine/Content/EditorResources/SequenceRecorder/RecordingIndicator.uexp" 137
"../../../Engine/Content/EngineDamageTypes/DmgTypeBP_Environmental.uasset" 138
"../../../Engine/Content/EngineDamageTypes/DmgTypeBP_Environmental.uexp" 139
"../../../Engine/Content/EngineDebugMaterials/DebugEditorMaterial.uasset" 140
"../../../Engine/Content/EngineDebugMaterials/DebugEditorMaterial.uexp" 141
"../../../Engine/Content/EngineDebugMaterials/DebugMeshMaterial.uasset" 142
"../../../Engine/Content/EngineDebugMaterials/DebugMeshMaterial.uexp" 143
"../../../Engine/Content/EngineDebugMaterials/M_SimpleUnlitTranslucent.uasset" 144
"../../../Engine/Content/EngineDebugMaterials/M_SimpleUnlitTranslucent.uexp" 145
"../../../Engine/Content/EngineDebugMaterials/VolumeToRender.uasset" 146
"../../../Engine/Content/EngineDebugMaterials/VolumeToRender.uexp" 147
"../../../Engine/Content/Functions/Engine_MaterialFunctions02/Utility/CameraDirectionVector.uasset" 148
"../../../Engine/Content/Functions/Engine_MaterialFunctions02/Utility/CameraDirectionVector.uexp" 149
"../../../Engine/Content/EngineDebugMaterials/M_VolumeRenderSphereTracePP.uasset" 150
"../../../Engine/Content/EngineDebugMaterials/M_VolumeRenderSphereTracePP.uexp" 151
"../../../Engine/Content/Functions/Engine_MaterialFunctions01/Shading/ConvertFromDiffSpec.uasset" 152
"../../../Engine/Content/Functions/Engine_MaterialFunctions01/Shading/ConvertFromDiffSpec.uexp" 153
"../../../Engine/Content/EngineDebugMaterials/VertexColorMaterial.uasset" 154
"../../../Engine/Content/EngineDebugMaterials/VertexColorMaterial.uexp" 155
"../../../Engine/Content/EngineDebugMaterials/WireframeMaterial.uasset" 156
"../../../Engine/Content/EngineDebugMaterials/WireframeMaterial.uexp" 157
"../../../Engine/Content/EngineFonts/Faces/RobotoRegular.uasset" 158
"../../../Engine/Content/EngineFonts/Faces/RobotoRegular.uexp" 159
"../../../Engine/Content/EngineFonts/Faces/RobotoRegular.ufont" 160
"../../../Engine/Content/EngineFonts/Faces/RobotoLight.uasset" 161
"../../../Engine/Content/EngineFonts/Faces/RobotoLight.uexp" 162
"../../../Engine/Content/EngineFonts/Faces/RobotoLight.ufont" 163
"../../../Engine/Content/EngineFonts/Faces/RobotoItalic.uasset" 164
"../../../Engine/Content/EngineFonts/Faces/RobotoItalic.uexp" 165
"../../../Engine/Content/EngineFonts/Faces/RobotoItalic.ufont" 166
"../../../Engine/Content/EngineFonts/Faces/RobotoBoldItalic.uasset" 167
"../../../Engine/Content/EngineFonts/Faces/RobotoBoldItalic.uexp" 168
"../../../Engine/Content/EngineFonts/Faces/RobotoBoldItalic.ufont" 169
"../../../Engine/Content/EngineFonts/Faces/RobotoBold.uasset" 170
"../../../Engine/Content/EngineFonts/Faces/RobotoBold.uexp" 171
"../../../Engine/Content/EngineFonts/Faces/RobotoBold.ufont" 172
"../../../Engine/Content/EngineFonts/Faces/DroidSansFallback.uasset" 173
"../../../Engine/Content/EngineFonts/Faces/DroidSansFallback.uexp" 174
"../../../Engine/Content/EngineFonts/Faces/DroidSansFallback.ufont" 175
"../../../Engine/Content/EngineFonts/Roboto.uasset" 176
"../../../Engine/Content/EngineFonts/Roboto.uexp" 177
"../../../Engine/Content/EngineMaterials/BaseFlattenNormalMap.uasset" 178
"../../../Engine/Content/EngineMaterials/BaseFlattenNormalMap.uexp" 179
"../../../Engine/Content/EngineMaterials/BaseFlattenGrayscaleMap.uasset" 180
"../../../Engine/Content/EngineMaterials/BaseFlattenGrayscaleMap.uexp" 181
"../../../Engine/Content/EngineMaterials/BaseFlattenEmissiveMap.uasset" 182
"../../../Engine/Content/EngineMaterials/BaseFlattenEmissiveMap.uexp" 183
"../../../Engine/Content/EngineMaterials/BaseFlattenDiffuseMap.uasset" 184
"../../../Engine/Content/EngineMaterials/BaseFlattenDiffuseMap.uexp" 185
"../../../Engine/Content/EngineMaterials/BaseFlattenMaterial.uasset" 186
"../../../Engine/Content/EngineMaterials/BaseFlattenMaterial.uexp" 187
"../../../Engine/Content/EngineMaterials/BlueNoise.uasset" 188
"../../../Engine/Content/EngineMaterials/BlueNoise.uexp" 189
"../../../Engine/Content/EngineMaterials/DefaultBloomKernel.uasset" 190
"../../../Engine/Content/EngineMaterials/DefaultBloomKernel.uexp" 191
"../../../Engine/Content/EngineMaterials/DefaultBokeh.uasset" 192
"../../../Engine/Content/EngineMaterials/DefaultBokeh.uexp" 193
"../../../Engine/Content/EngineMaterials/DefaultDiffuse.uasset" 194
"../../../Engine/Content/EngineMaterials/DefaultDiffuse.uexp" 195
"../../../Engine/Content/EngineMaterials/DefaultDiffuse.ubulk" 196
"../../../Engine/Content/EngineMaterials/DefaultDeferredDecalMaterial.uasset" 197
"../../../Engine/Content/EngineMaterials/DefaultDeferredDecalMaterial.uexp" 198
"../../../Engine/Content/EngineMaterials/DefaultLightFunctionMaterial.uasset" 199
"../../../Engine/Content/EngineMaterials/DefaultLightFunctionMaterial.uexp" 200
"../../../Engine/Content/EngineMaterials/DefaultPhysicalMaterial.uasset" 201
"../../../Engine/Content/EngineMaterials/DefaultPhysicalMaterial.uexp" 202
"../../../Engine/Content/Functions/Engine_MaterialFunctions02/Utility/BreakOutFloat2Components.uasset" 203
"../../../Engine/Content/Functions/Engine_MaterialFunctions02/Utility/BreakOutFloat2Components.uexp" 204
"../../../Engine/Content/EngineMaterials/DefaultPostProcessMaterial.uasset" 205
"../../../Engine/Content/EngineMaterials/DefaultPostProcessMaterial.uexp" 206
"../../../Engine/Content/EngineFonts/RobotoDistanceField.uasset" 207
"../../../Engine/Content/EngineFonts/RobotoDistanceField.uexp" 208
"../../../Engine/Content/EngineMaterials/DefaultTextMaterialOpaque.uasset" 209
"../../../Engine/Content/EngineMaterials/DefaultTextMaterialOpaque.uexp" 210
"../../../Engine/Content/EngineMaterials/DefaultWhiteGrid.uasset" 211
"../../../Engine/Content/EngineMaterials/DefaultWhiteGrid.uexp" 212
"../../../Engine/Content/EngineMaterials/DefaultWhiteGrid.ubulk" 213
"../../../Engine/Content/EngineMaterials/DefaultWhiteGrid_Low.uasset" 214
"../../../Engine/Content/EngineMaterials/DefaultWhiteGrid_Low.uexp" 215
"../../../Engine/Content/EngineMaterials/EmissiveMeshMaterial.uasset" 216
"../../../Engine/Content/EngineMaterials/EmissiveMeshMaterial.uexp" 217
"../../../Engine/Content/EngineMaterials/GizmoMaterial.uasset" 218
"../../../Engine/Content/EngineMaterials/GizmoMaterial.uexp" 219
"../../../Engine/Content/EngineMaterials/Good64x64TilingNoiseHighFreq.uasset" 220
"../../../Engine/Content/EngineMaterials/Good64x64TilingNoiseHighFreq.uexp" 221
"../../../Engine/Content/EngineMaterials/MiniFont.uasset" 222
"../../../Engine/Content/EngineMaterials/MiniFont.uexp" 223
"../../../Engine/Content/EngineMaterials/InvalidLightmapSettings.uasset" 224
"../../../Engine/Content/EngineMaterials/InvalidLightmapSettings.uexp" 225
"../../../Engine/Content/EngineMaterials/InvalidLightmapSettings.ubulk" 226
"../../../Engine/Content/EngineMaterials/M_InvalidLightmapSettings.uasset" 227
"../../../Engine/Content/EngineMaterials/M_InvalidLightmapSettings.uexp" 228
"../../../Engine/Content/Functions/Engine_MaterialFunctions02/WorldPositionOffset/CameraOffset.uasset" 229
"../../../Engine/Content/Functions/Engine_MaterialFunctions02/WorldPositionOffset/CameraOffset.uexp" 230
"../../../Engine/Content/EngineMaterials/PhAT_JointLimitMaterial.uasset" 231
"../../../Engine/Content/EngineMaterials/PhAT_JointLimitMaterial.uexp" 232
"../../../Engine/Content/EngineMaterials/DefaultCalibrationColor.uasset" 233
"../../../Engine/Content/EngineMaterials/DefaultCalibrationColor.uexp" 234
"../../../Engine/Content/EngineMaterials/PPM_DefaultCalibrationColor.uasset" 235
"../../../Engine/Content/EngineMaterials/PPM_DefaultCalibrationColor.uexp" 236
"../../../Engine/Content/EngineMaterials/DefaultCalibrationGrayscale.uasset" 237
"../../../Engine/Content/EngineMaterials/DefaultCalibrationGrayscale.uexp" 238
"../../../Engine/Content/EngineMaterials/PPM_DefaultCalibrationGrayscale.uasset" 239
"../../../Engine/Content/EngineMaterials/PPM_DefaultCalibrationGrayscale.uexp" 240
"../../../Engine/Content/EngineMaterials/PreintegratedSkinBRDF.uasset" 241
"../../../Engine/Content/EngineMaterials/PreintegratedSkinBRDF.uexp" 242
"../../../Engine/Content/EngineMaterials/RemoveSurfaceMaterial.uasset" 243
"../../../Engine/Content/EngineMaterials/RemoveSurfaceMaterial.uexp" 244
"../../../Engine/Content/EngineMaterials/WeightMapPlaceholderTexture.uasset" 245
"../../../Engine/Content/EngineMaterials/WeightMapPlaceholderTexture.uexp" 246
"../../../Engine/Content/EngineResources/WhiteSquareTexture.uasset" 247
"../../../Engine/Content/EngineResources/WhiteSquareTexture.uexp" 248
"../../../Engine/Content/EngineMaterials/Widget3DPassThrough.uasset" 249
"../../../Engine/Content/EngineMaterials/Widget3DPassThrough.uexp" 250
"../../../Engine/Content/EngineMaterials/Widget3DPassThrough_Masked.uasset" 251
"../../../Engine/Content/EngineMaterials/Widget3DPassThrough_Masked.uexp" 252
"../../../Engine/Content/EngineMaterials/Widget3DPassThrough_Opaque.uasset" 253
"../../../Engine/Content/EngineMaterials/Widget3DPassThrough_Opaque.uexp" 254
"../../../Engine/Content/EngineMaterials/Widget3DPassThrough_Masked_OneSided.uasset" 255
"../../../Engine/Content/EngineMaterials/Widget3DPassThrough_Masked_OneSided.uexp" 256
"../../../Engine/Content/EngineMaterials/Widget3DPassThrough_Opaque_OneSided.uasset" 257
"../../../Engine/Content/EngineMaterials/Widget3DPassThrough_Opaque_OneSided.uexp" 258
"../../../Engine/Content/EngineMaterials/Widget3DPassThrough_Translucent.uasset" 259
"../../../Engine/Content/EngineMaterials/Widget3DPassThrough_Translucent.uexp" 260
"../../../Engine/Content/EngineMaterials/Widget3DPassThrough_Translucent_OneSided.uasset" 261
"../../../Engine/Content/EngineMaterials/Widget3DPassThrough_Translucent_OneSided.uexp" 262
"../../../Engine/Content/EngineMeshes/Cylinder.uasset" 263
"../../../Engine/Content/EngineMeshes/Cylinder.uexp" 264
"../../../Engine/Content/EngineMeshes/Sphere.uasset" 265
"../../../Engine/Content/EngineMeshes/Sphere.uexp" 266
"../../../Engine/Content/EngineResources/Black.uasset" 267
"../../../Engine/Content/EngineResources/Black.uexp" 268
"../../../Engine/Content/EngineResources/DefaultTexture.uasset" 269
"../../../Engine/Content/EngineResources/DefaultTexture.uexp" 270
"../../../Engine/Content/EngineResources/DefaultTexture.ubulk" 271
"../../../Engine/Content/EngineResources/DefaultTextureCube.uasset" 272
"../../../Engine/Content/EngineResources/DefaultTextureCube.uexp" 273
"../../../Engine/Content/EngineResources/DefaultVolumeTexture2D.uasset" 274
"../../../Engine/Content/EngineResources/DefaultVolumeTexture2D.uexp" 275
"../../../Engine/Content/EngineResources/DefaultVolumeTexture.uasset" 276
"../../../Engine/Content/EngineResources/DefaultVolumeTexture.uexp" 277
"../../../Engine/Content/EngineResources/GradientTexture0.uasset" 278
"../../../Engine/Content/EngineResources/GradientTexture0.uexp" 279
"../../../Engine/Content/EngineSky/VolumetricClouds/T_NoiseShape64.uasset" 280
"../../../Engine/Content/EngineSky/VolumetricClouds/T_NoiseShape64.uexp" 281
"../../../Engine/Content/EngineSky/VolumetricClouds/T_NoiseShape64.ubulk" 282
"../../../Engine/Content/EngineSky/VolumetricClouds/T_VolumeNoiseShape64.uasset" 283
"../../../Engine/Content/EngineSky/VolumetricClouds/T_VolumeNoiseShape64.uexp" 284
"../../../Engine/Content/EngineSky/VolumetricClouds/T_NoiseErosion.uasset" 285
"../../../Engine/Content/EngineSky/VolumetricClouds/T_NoiseErosion.uexp" 286
"../../../Engine/Content/EngineSky/VolumetricClouds/T_NoiseErosion.ubulk" 287
"../../../Engine/Content/EngineSky/VolumetricClouds/T_VolumeNoiseErosion32.uasset" 288
"../../../Engine/Content/EngineSky/VolumetricClouds/T_VolumeNoiseErosion32.uexp" 289
"../../../Engine/Content/EngineSky/VolumetricClouds/CloudWeatherTexture.uasset" 290
"../../../Engine/Content/EngineSky/VolumetricClouds/CloudWeatherTexture.uexp" 291
"../../../Engine/Content/EngineSky/VolumetricClouds/CloudGradientTexture.uasset" 292
"../../../Engine/Content/EngineSky/VolumetricClouds/CloudGradientTexture.uexp" 293
"../../../Engine/Content/Functions/Engine_MaterialFunctions02/Utility/MakeFloat2.uasset" 294
"../../../Engine/Content/Functions/Engine_MaterialFunctions02/Utility/MakeFloat2.uexp" 295
"../../../Engine/Content/EngineSky/VolumetricClouds/m_SimpleVolumetricCloud.uasset" 296
"../../../Engine/Content/EngineSky/VolumetricClouds/m_SimpleVolumetricCloud.uexp" 297
"../../../Engine/Content/EngineSky/VolumetricClouds/m_SimpleVolumetricCloud_Inst.uasset" 298
"../../../Engine/Content/EngineSky/VolumetricClouds/m_SimpleVolumetricCloud_Inst.uexp" 299
"../../../Engine/Content/EngineSounds/Master.uasset" 300
"../../../Engine/Content/EngineSounds/Master.uexp" 301
"../../../Engine/Content/Functions/Engine_MaterialFunctions01/Shading/PowerToRoughness.uasset" 302
"../../../Engine/Content/Functions/Engine_MaterialFunctions01/Shading/PowerToRoughness.uexp" 303
"../../../Engine/Content/Maps/Templates/Thumbnails/Default.uasset" 304
"../../../Engine/Content/Maps/Templates/Thumbnails/Default.uexp" 305
"../../../Engine/Content/Maps/Templates/Thumbnails/TimeOfDay.uasset" 306
"../../../Engine/Content/Maps/Templates/Thumbnails/TimeOfDay.uexp" 307
"../../../Engine/Content/Maps/Templates/Thumbnails/VR-Basic.uasset" 308
"../../../Engine/Content/Maps/Templates/Thumbnails/VR-Basic.uexp" 309
"../../../Engine/Content/MobileResources/T_MobileControls_texture.uasset" 310
"../../../Engine/Content/MobileResources/T_MobileControls_texture.uexp" 311
"../../../Engine/Content/MobileResources/T_MobileMenu2.uasset" 312
"../../../Engine/Content/MobileResources/T_MobileMenu2.uexp" 313
"../../../Engine/Content/MobileResources/HUD/AnalogHat.uasset" 314
"../../../Engine/Content/MobileResources/HUD/AnalogHat.uexp" 315
"../../../Engine/Content/MobileResources/HUD/VirtualJoystick_Thumb.uasset" 316
"../../../Engine/Content/MobileResources/HUD/VirtualJoystick_Thumb.uexp" 317
"../../../Engine/Content/MobileResources/HUD/VirtualJoystick_Background.uasset" 318
"../../../Engine/Content/MobileResources/HUD/VirtualJoystick_Background.uexp" 319
"../../../Engine/Content/MobileResources/HUD/DefaultVirtualJoysticks.uasset" 320
"../../../Engine/Content/MobileResources/HUD/DefaultVirtualJoysticks.uexp" 321
"../../../Engine/Content/MobileResources/HUD/LeftVirtualJoystickOnly.uasset" 322
"../../../Engine/Content/MobileResources/HUD/LeftVirtualJoystickOnly.uexp" 323
"../../../Engine/Content/MobileResources/HUD/MobileHUDButton1_off.uasset" 324
"../../../Engine/Content/MobileResources/HUD/MobileHUDButton1_off.uexp" 325
"../../../Engine/Content/MobileResources/HUD/MobileHUDButton1_on.uasset" 326
"../../../Engine/Content/MobileResources/HUD/MobileHUDButton1_on.uexp" 327
"../../../Engine/Content/MobileResources/HUD/MobileHUDButton2_off.uasset" 328
"../../../Engine/Content/MobileResources/HUD/MobileHUDButton2_off.uexp" 329
"../../../Engine/Content/MobileResources/HUD/MobileHUDButton2_on.uasset" 330
"../../../Engine/Content/MobileResources/HUD/MobileHUDButton2_on.uexp" 331
"../../../Engine/Content/MobileResources/HUD/MobileHUDButton3.uasset" 332
"../../../Engine/Content/MobileResources/HUD/MobileHUDButton3.uexp" 333
"../../../Engine/Content/MobileResources/HUD/MobileHUDButtonFire.uasset" 334
"../../../Engine/Content/MobileResources/HUD/MobileHUDButtonFire.uexp" 335
"../../../Engine/Content/MobileResources/HUD/MobileHUDDirectionPad.uasset" 336
"../../../Engine/Content/MobileResources/HUD/MobileHUDDirectionPad.uexp" 337
"../../../Engine/Content/MobileResources/HUD/MobileHUDDirectionPad2.uasset" 338
"../../../Engine/Content/MobileResources/HUD/MobileHUDDirectionPad2.uexp" 339
"../../../Engine/Content/MobileResources/HUD/MobileHUDDirectionPad3.uasset" 340
"../../../Engine/Content/MobileResources/HUD/MobileHUDDirectionPad3.uexp" 341
"../../../Engine/Content/MobileResources/HUD/MobileHUDDirectionStick.uasset" 342
"../../../Engine/Content/MobileResources/HUD/MobileHUDDirectionStick.uexp" 343
"../../../Engine/Content/MobileResources/HUD/T_Castle_ThumbstickInner.uasset" 344
"../../../Engine/Content/MobileResources/HUD/T_Castle_ThumbstickInner.uexp" 345
"../../../Engine/Content/MobileResources/HUD/T_Castle_ThumbstickOutter.uasset" 346
"../../../Engine/Content/MobileResources/HUD/T_Castle_ThumbstickOutter.uexp" 347
"../../../Engine/Content/Tutorial/ContentIntroCurve.uasset" 348
"../../../Engine/Content/Tutorial/ContentIntroCurve.uexp" 349
"../../../Engine/Content/VREditor/TransformGizmo/TranslucentTransformGizmoMaterial.uasset" 350
"../../../Engine/Content/VREditor/TransformGizmo/TranslucentTransformGizmoMaterial.uexp" 351
"../../../Engine/Content/VREditor/LaserPointer/VR_LaserPower_01.uasset" 352
"../../../Engine/Content/VREditor/LaserPointer/VR_LaserPower_01.uexp" 353
"../../../Engine/Content/VREditor/LaserPointer/VR_LaserPower_01.ubulk" 354
"../../../Engine/Content/VREditor/TransformGizmo/TransformGizmoMaterial.uasset" 355
"../../../Engine/Content/VREditor/TransformGizmo/TransformGizmoMaterial.uexp" 356
"../../../Engine/Content/VREditor/TransformGizmo/BoundingBoxCorner.uasset" 357
"../../../Engine/Content/VREditor/TransformGizmo/BoundingBoxCorner.uexp" 358
"../../../Engine/Content/VREditor/TransformGizmo/BoundingBoxEdge.uasset" 359
"../../../Engine/Content/VREditor/TransformGizmo/BoundingBoxEdge.uexp" 360
"../../../Engine/Content/VREditor/TransformGizmo/PlaneTranslationHandle.uasset" 361
"../../../Engine/Content/VREditor/TransformGizmo/PlaneTranslationHandle.uexp" 362
"../../../Engine/Content/VREditor/TransformGizmo/Xray.uasset" 363
"../../../Engine/Content/VREditor/TransformGizmo/Xray.uexp" 364
"../../../Engine/Content/VREditor/TransformGizmo/Main.uasset" 365
"../../../Engine/Content/VREditor/TransformGizmo/Main.uexp" 366
"../../../Engine/Content/VREditor/TransformGizmo/SM_Sequencer_Key.uasset" 367
"../../../Engine/Content/VREditor/TransformGizmo/SM_Sequencer_Key.uexp" 368
"../../../Engine/Content/VREditor/TransformGizmo/SM_Sequencer_Node.uasset" 369
"../../../Engine/Content/VREditor/TransformGizmo/SM_Sequencer_Node.uexp" 370
"../../../Engine/Plugins/2D/Paper2D/Content/PlaceholderTextures/DummySpriteTexture.uasset" 371
"../../../Engine/Plugins/2D/Paper2D/Content/PlaceholderTextures/DummySpriteTexture.uexp" 372
"../../../Engine/Plugins/2D/Paper2D/Content/PlaceholderTextures/DummySpriteTexture.ubulk" 373
"../../../Engine/Plugins/2D/Paper2D/Content/DummySprite.uasset" 374
"../../../Engine/Plugins/2D/Paper2D/Content/DummySprite.uexp" 375
"../../../Engine/Plugins/2D/Paper2D/Content/DefaultPaperTerrainMaterial.uasset" 376
"../../../Engine/Plugins/2D/Paper2D/Content/DefaultPaperTerrainMaterial.uexp" 377
"../../../Engine/Plugins/2D/Paper2D/Content/DefaultSpriteMaterial.uasset" 378
"../../../Engine/Plugins/2D/Paper2D/Content/DefaultSpriteMaterial.uexp" 379
"../../../Engine/Plugins/2D/Paper2D/Content/MaskedUnlitSpriteMaterial.uasset" 380
"../../../Engine/Plugins/2D/Paper2D/Content/MaskedUnlitSpriteMaterial.uexp" 381
"../../../Engine/Plugins/2D/Paper2D/Content/OpaqueUnlitSpriteMaterial.uasset" 382
"../../../Engine/Plugins/2D/Paper2D/Content/OpaqueUnlitSpriteMaterial.uexp" 383
"../../../Engine/Content/Functions/Engine_MaterialFunctions02/Utility/VectorLength.uasset" 384
"../../../Engine/Content/Functions/Engine_MaterialFunctions02/Utility/VectorLength.uexp" 385
"../../../Engine/Content/Functions/Engine_MaterialFunctions02/ObjectLocalBounds.uasset" 386
"../../../Engine/Content/Functions/Engine_MaterialFunctions02/ObjectLocalBounds.uexp" 387
"../../../Engine/Content/Functions/Engine_MaterialFunctions02/Utility/BreakOutFloat3Components.uasset" 388
"../../../Engine/Content/Functions/Engine_MaterialFunctions02/Utility/BreakOutFloat3Components.uexp" 389
"../../../Engine/Content/Functions/Engine_MaterialFunctions02/WorldPositionOffset/ObjectScale.uasset" 390
"../../../Engine/Content/Functions/Engine_MaterialFunctions02/WorldPositionOffset/ObjectScale.uexp" 391
"../../../Engine/Plugins/Editor/SpeedTreeImporter/Content/SpeedTree9/UnpackInteger3.uasset" 392
"../../../Engine/Plugins/Editor/SpeedTreeImporter/Content/SpeedTree9/UnpackInteger3.uexp" 393
"../../../Engine/Plugins/Editor/SpeedTreeImporter/Content/SpeedTree9/UnpackDirection.uasset" 394
"../../../Engine/Plugins/Editor/SpeedTreeImporter/Content/SpeedTree9/UnpackDirection.uexp" 395
"../../../Engine/Plugins/Editor/SpeedTreeImporter/Content/SpeedTree9/game_wind_noise.uasset" 396
"../../../Engine/Plugins/Editor/SpeedTreeImporter/Content/SpeedTree9/game_wind_noise.uexp" 397
"../../../Engine/Plugins/Editor/SpeedTreeImporter/Content/SpeedTree9/game_wind_noise.ubulk" 398
"../../../Engine/Content/Functions/Engine_MaterialFunctions02/SafeNormalize.uasset" 399
"../../../Engine/Content/Functions/Engine_MaterialFunctions02/SafeNormalize.uexp" 400
"../../../Engine/Plugins/Editor/SpeedTreeImporter/Content/SpeedTree9/SpeedTreeWindMotion.uasset" 401
"../../../Engine/Plugins/Editor/SpeedTreeImporter/Content/SpeedTree9/SpeedTreeWindMotion.uexp" 402
"../../../Engine/Plugins/Editor/SpeedTreeImporter/Content/SpeedTree9/SpeedTreeBranchMotion.uasset" 403
"../../../Engine/Plugins/Editor/SpeedTreeImporter/Content/SpeedTree9/SpeedTreeBranchMotion.uexp" 404
"../../../Engine/Content/Functions/Engine_MaterialFunctions02/UVs/BoundingBoxBased_0-1_UVW.uasset" 405
"../../../Engine/Content/Functions/Engine_MaterialFunctions02/UVs/BoundingBoxBased_0-1_UVW.uexp" 406
"../../../Engine/Plugins/Editor/SpeedTreeImporter/Content/SpeedTree9/SpeedTreeWind.uasset" 407
"../../../Engine/Plugins/Editor/SpeedTreeImporter/Content/SpeedTree9/SpeedTreeWind.uexp" 408
"../../../Engine/Plugins/Editor/SpeedTreeImporter/Content/SpeedTree9/SpeedTreeBillboard.uasset" 409
"../../../Engine/Plugins/Editor/SpeedTreeImporter/Content/SpeedTree9/SpeedTreeBillboard.uexp" 410
"../../../Engine/Plugins/Editor/SpeedTreeImporter/Content/SpeedTree9/EmptyNormal.uasset" 411
"../../../Engine/Plugins/Editor/SpeedTreeImporter/Content/SpeedTree9/EmptyNormal.uexp" 412
"../../../Engine/Plugins/Editor/SpeedTreeImporter/Content/SpeedTree9/Empty.uasset" 413
"../../../Engine/Plugins/Editor/SpeedTreeImporter/Content/SpeedTree9/Empty.uexp" 414
"../../../Engine/Plugins/Editor/SpeedTreeImporter/Content/SpeedTree9/SpeedTreeBillboardMaster.uasset" 415
"../../../Engine/Plugins/Editor/SpeedTreeImporter/Content/SpeedTree9/SpeedTreeBillboardMaster.uexp" 416
"../../../Engine/Plugins/Editor/SpeedTreeImporter/Content/SpeedTree9/SpeedTreeCameraFacing.uasset" 417
"../../../Engine/Plugins/Editor/SpeedTreeImporter/Content/SpeedTree9/SpeedTreeCameraFacing.uexp" 418
"../../../Engine/Plugins/Editor/SpeedTreeImporter/Content/SpeedTree9/SpeedTreeMaster.uasset" 419
"../../../Engine/Plugins/Editor/SpeedTreeImporter/Content/SpeedTree9/SpeedTreeMaster.uexp" 420
"../../../Engine/Content/ArtTools/RenderToTexture/Materials/Debug/M_Emissive_Color.uasset" 421
"../../../Engine/Content/ArtTools/RenderToTexture/Materials/Debug/M_Emissive_Color.uexp" 422
"../../../Engine/Content/BasicShapes/Cylinder.uasset" 423
"../../../Engine/Content/BasicShapes/Cylinder.uexp" 424
"G:/UnrealProjects/MetalInMotion/Content/_Game/Images/MainMenu.uasset" 425
"G:/UnrealProjects/MetalInMotion/Content/_Game/Images/MainMenu.uexp" 426
"G:/UnrealProjects/MetalInMotion/Content/_Game/Widgets/HighScore.uasset" 427
"G:/UnrealProjects/MetalInMotion/Content/_Game/Widgets/HighScore.uexp" 428
"G:/UnrealProjects/MetalInMotion/Content/_Game/Maps/HighScore_BuiltData.uasset" 429
"G:/UnrealProjects/MetalInMotion/Content/_Game/Maps/HighScore_BuiltData.uexp" 430
"G:/UnrealProjects/MetalInMotion/Content/_Game/GameData/HighScoreGameMode.uasset" 431
"G:/UnrealProjects/MetalInMotion/Content/_Game/GameData/HighScoreGameMode.uexp" 432
"G:/UnrealProjects/MetalInMotion/Content/_Game/Maps/HighScore.uexp" 433
"G:/UnrealProjects/MetalInMotion/Content/_Game/Maps/HighScore.umap" 434
"../../../Engine/Content/MapTemplates/SM_Template_Map_Floor.uasset" 435
"../../../Engine/Content/MapTemplates/SM_Template_Map_Floor.uexp" 436
"G:/UnrealProjects/MetalInMotion/Content/_Game/Maps/Level1_BuiltData.uasset" 437
"G:/UnrealProjects/MetalInMotion/Content/_Game/Maps/Level1_BuiltData.uexp" 438
"G:/UnrealProjects/MetalInMotion/Content/_Game/Maps/Level1_BuiltData.ubulk" 439
"G:/UnrealProjects/MetalInMotion/Content/StarterContent/Materials/M_Basic_Wall.uasset" 440
"G:/UnrealProjects/MetalInMotion/Content/StarterContent/Materials/M_Basic_Wall.uexp" 441
"G:/UnrealProjects/MetalInMotion/Content/StarterContent/Shapes/Shape_Wedge_A.uasset" 442
"G:/UnrealProjects/MetalInMotion/Content/StarterContent/Shapes/Shape_Wedge_A.uexp" 443
"G:/UnrealProjects/MetalInMotion/Content/StarterContent/Textures/T_Rock_Sandstone_N.uasset" 444
"G:/UnrealProjects/MetalInMotion/Content/StarterContent/Textures/T_Rock_Sandstone_N.uexp" 445
"G:/UnrealProjects/MetalInMotion/Content/StarterContent/Textures/T_Rock_Sandstone_N.ubulk" 446
"G:/UnrealProjects/MetalInMotion/Content/StarterContent/Textures/T_Rock_Sandstone_D.uasset" 447
"G:/UnrealProjects/MetalInMotion/Content/StarterContent/Textures/T_Rock_Sandstone_D.uexp" 448
"G:/UnrealProjects/MetalInMotion/Content/StarterContent/Textures/T_Rock_Sandstone_D.ubulk" 449
"G:/UnrealProjects/MetalInMotion/Content/StarterContent/Textures/T_Perlin_Noise_M.uasset" 450
"G:/UnrealProjects/MetalInMotion/Content/StarterContent/Textures/T_Perlin_Noise_M.uexp" 451
"G:/UnrealProjects/MetalInMotion/Content/StarterContent/Textures/T_Perlin_Noise_M.ubulk" 452
"G:/UnrealProjects/MetalInMotion/Content/StarterContent/Materials/M_Rock_Sandstone.uasset" 453
"G:/UnrealProjects/MetalInMotion/Content/StarterContent/Materials/M_Rock_Sandstone.uexp" 454
"G:/UnrealProjects/MetalInMotion/Content/_Game/LevelDesign/Unmoveable.uasset" 455
"G:/UnrealProjects/MetalInMotion/Content/_Game/LevelDesign/Unmoveable.uexp" 456
"G:/UnrealProjects/MetalInMotion/Content/StarterContent/Shapes/Shape_Wedge_B.uasset" 457
"G:/UnrealProjects/MetalInMotion/Content/StarterContent/Shapes/Shape_Wedge_B.uexp" 458
"G:/UnrealProjects/MetalInMotion/Content/StarterContent/Shapes/Shape_Cube.uasset" 459
"G:/UnrealProjects/MetalInMotion/Content/StarterContent/Shapes/Shape_Cube.uexp" 460
"G:/UnrealProjects/MetalInMotion/Content/_Game/LevelDesign/Start.uasset" 461
"G:/UnrealProjects/MetalInMotion/Content/_Game/LevelDesign/Start.uexp" 462
"G:/UnrealProjects/MetalInMotion/Content/StarterContent/Shapes/Shape_Torus.uasset" 463
"G:/UnrealProjects/MetalInMotion/Content/StarterContent/Shapes/Shape_Torus.uexp" 464
"../../../Engine/Content/Functions/Engine_MaterialFunctions01/Gradient/RadialGradient.uasset" 465
"../../../Engine/Content/Functions/Engine_MaterialFunctions01/Gradient/RadialGradient.uexp" 466
"G:/UnrealProjects/MetalInMotion/Content/StarterContent/Particles/Materials/M_Radial_Gradient.uasset" 467
"G:/UnrealProjects/MetalInMotion/Content/StarterContent/Particles/Materials/M_Radial_Gradient.uexp" 468
"G:/UnrealProjects/MetalInMotion/Content/StarterContent/Textures/T_Water_N.uasset" 469
"G:/UnrealProjects/MetalInMotion/Content/StarterContent/Textures/T_Water_N.uexp" 470
"G:/UnrealProjects/MetalInMotion/Content/StarterContent/Textures/T_Water_N.ubulk" 471
"G:/UnrealProjects/MetalInMotion/Content/StarterContent/Particles/Materials/M_Heat_Distortion.uasset" 472
"G:/UnrealProjects/MetalInMotion/Content/StarterContent/Particles/Materials/M_Heat_Distortion.uexp" 473
"G:/UnrealProjects/MetalInMotion/Content/StarterContent/Textures/T_Fire_Tiled_D.uasset" 474
"G:/UnrealProjects/MetalInMotion/Content/StarterContent/Textures/T_Fire_Tiled_D.uexp" 475
"G:/UnrealProjects/MetalInMotion/Content/StarterContent/Textures/T_Fire_Tiled_D.ubulk" 476
"G:/UnrealProjects/MetalInMotion/Content/StarterContent/Textures/T_Fire_SubUV.uasset" 477
"G:/UnrealProjects/MetalInMotion/Content/StarterContent/Textures/T_Fire_SubUV.uexp" 478
"G:/UnrealProjects/MetalInMotion/Content/StarterContent/Textures/T_Fire_SubUV.ubulk" 479
"G:/UnrealProjects/MetalInMotion/Content/StarterContent/Particles/Materials/M_Fire_SubUV.uasset" 480
"G:/UnrealProjects/MetalInMotion/Content/StarterContent/Particles/Materials/M_Fire_SubUV.uexp" 481
"G:/UnrealProjects/MetalInMotion/Content/StarterContent/Textures/T_Smoke_Tiled_D.uasset" 482
"G:/UnrealProjects/MetalInMotion/Content/StarterContent/Textures/T_Smoke_Tiled_D.uexp" 483
"G:/UnrealProjects/MetalInMotion/Content/StarterContent/Textures/T_Smoke_Tiled_D.ubulk" 484
"G:/UnrealProjects/MetalInMotion/Content/StarterContent/Textures/T_Smoke_SubUV.uasset" 485
"G:/UnrealProjects/MetalInMotion/Content/StarterContent/Textures/T_Smoke_SubUV.uexp" 486
"G:/UnrealProjects/MetalInMotion/Content/StarterContent/Textures/T_Smoke_SubUV.ubulk" 487
"G:/UnrealProjects/MetalInMotion/Content/StarterContent/Particles/Materials/M_smoke_subUV.uasset" 488
"G:/UnrealProjects/MetalInMotion/Content/StarterContent/Particles/Materials/M_smoke_subUV.uexp" 489
"G:/UnrealProjects/MetalInMotion/Content/StarterContent/Particles/P_Fire.uasset" 490
"G:/UnrealProjects/MetalInMotion/Content/StarterContent/Particles/P_Fire.uexp" 491
"G:/UnrealProjects/MetalInMotion/Content/StarterContent/Textures/T_Metal_Gold_D.uasset" 492
"G:/UnrealProjects/MetalInMotion/Content/StarterContent/Textures/T_Metal_Gold_D.uexp" 493
"G:/UnrealProjects/MetalInMotion/Content/StarterContent/Textures/T_Metal_Gold_D.ubulk" 494
"G:/UnrealProjects/MetalInMotion/Content/StarterContent/Materials/M_Metal_Gold.uasset" 495
"G:/UnrealProjects/MetalInMotion/Content/StarterContent/Materials/M_Metal_Gold.uexp" 496
"G:/UnrealProjects/MetalInMotion/Content/_Game/Goals/BP_BallBearingGoal.uasset" 497
"G:/UnrealProjects/MetalInMotion/Content/_Game/Goals/BP_BallBearingGoal.uexp" 498
"G:/UnrealProjects/MetalInMotion/Content/_Game/BallBearings/BP_ResetBallBearings.uasset" 499
"G:/UnrealProjects/MetalInMotion/Content/_Game/BallBearings/BP_ResetBallBearings.uexp" 500
"G:/UnrealProjects/MetalInMotion/Content/_Game/BallBearings/BP_LevelBallBearing.uasset" 501
"G:/UnrealProjects/MetalInMotion/Content/_Game/BallBearings/BP_LevelBallBearing.uexp" 502
"../../../Engine/Content/EngineSky/T_Sky_Blue.uasset" 503
"../../../Engine/Content/EngineSky/T_Sky_Blue.uexp" 504
"../../../Engine/Content/EngineSky/T_Sky_Blue.ubulk" 505
"../../../Engine/Content/EngineSky/T_Sky_Stars.uasset" 506
"../../../Engine/Content/EngineSky/T_Sky_Stars.uexp" 507
"../../../Engine/Content/EngineSky/T_Sky_Stars.ubulk" 508
"../../../Engine/Content/EngineSky/T_Sky_Clouds_M.uasset" 509
"../../../Engine/Content/EngineSky/T_Sky_Clouds_M.uexp" 510
"../../../Engine/Content/EngineSky/T_Sky_Clouds_M.ubulk" 511
"../../../Engine/Content/EngineSky/M_Sky_Panning_Clouds2.uasset" 512
"../../../Engine/Content/EngineSky/M_Sky_Panning_Clouds2.uexp" 513
"../../../Engine/Content/EngineSky/SM_SkySphere.uasset" 514
"../../../Engine/Content/EngineSky/SM_SkySphere.uexp" 515
"../../../Engine/Content/EngineSky/C_Sky_Zenith_Color.uasset" 516
"../../../Engine/Content/EngineSky/C_Sky_Zenith_Color.uexp" 517
"../../../Engine/Content/EngineSky/C_Sky_Horizon_Color.uasset" 518
"../../../Engine/Content/EngineSky/C_Sky_Horizon_Color.uexp" 519
"../../../Engine/Content/EngineSky/C_Sky_Cloud_Color.uasset" 520
"../../../Engine/Content/EngineSky/C_Sky_Cloud_Color.uexp" 521
"../../../Engine/Content/EngineSky/BP_Sky_Sphere.uasset" 522
"../../../Engine/Content/EngineSky/BP_Sky_Sphere.uexp" 523
"G:/UnrealProjects/MetalInMotion/Content/StarterContent/Textures/T_Ground_Moss_N.uasset" 524
"G:/UnrealProjects/MetalInMotion/Content/StarterContent/Textures/T_Ground_Moss_N.uexp" 525
"G:/UnrealProjects/MetalInMotion/Content/StarterContent/Textures/T_Ground_Moss_N.ubulk" 526
"G:/UnrealProjects/MetalInMotion/Content/StarterContent/Textures/T_ground_Moss_D.uasset" 527
"G:/UnrealProjects/MetalInMotion/Content/StarterContent/Textures/T_ground_Moss_D.uexp" 528
"G:/UnrealProjects/MetalInMotion/Content/StarterContent/Textures/T_ground_Moss_D.ubulk" 529
"G:/UnrealProjects/MetalInMotion/Content/StarterContent/Materials/M_Ground_Moss.uasset" 530
"G:/UnrealProjects/MetalInMotion/Content/StarterContent/Materials/M_Ground_Moss.uexp" 531
"G:/UnrealProjects/MetalInMotion/Content/_Game/Maps/Level1.uexp" 532
"G:/UnrealProjects/MetalInMotion/Content/_Game/Maps/Level1.umap" 533
"G:/UnrealProjects/MetalInMotion/Content/_Game/Maps/Level2_BuiltData.uasset" 534
"G:/UnrealProjects/MetalInMotion/Content/_Game/Maps/Level2_BuiltData.uexp" 535
"G:/UnrealProjects/MetalInMotion/Content/_Game/Maps/Level2_BuiltData.ubulk" 536
"G:/UnrealProjects/MetalInMotion/Content/StarterContent/Textures/T_Wood_Pine_N.uasset" 537
"G:/UnrealProjects/MetalInMotion/Content/StarterContent/Textures/T_Wood_Pine_N.uexp" 538
"G:/UnrealProjects/MetalInMotion/Content/StarterContent/Textures/T_Wood_Pine_N.ubulk" 539
"G:/UnrealProjects/MetalInMotion/Content/StarterContent/Textures/T_Wood_Pine_D.uasset" 540
"G:/UnrealProjects/MetalInMotion/Content/StarterContent/Textures/T_Wood_Pine_D.uexp" 541
"G:/UnrealProjects/MetalInMotion/Content/StarterContent/Textures/T_Wood_Pine_D.ubulk" 542
"G:/UnrealProjects/MetalInMotion/Content/StarterContent/Materials/M_Wood_Pine.uasset" 543
"G:/UnrealProjects/MetalInMotion/Content/StarterContent/Materials/M_Wood_Pine.uexp" 544
"G:/UnrealProjects/MetalInMotion/Content/_Game/LevelDesign/Arch_Top.uasset" 545
"G:/UnrealProjects/MetalInMotion/Content/_Game/LevelDesign/Arch_Top.uexp" 546
"G:/UnrealProjects/MetalInMotion/Content/StarterContent/Shapes/Shape_Cylinder.uasset" 547
"G:/UnrealProjects/MetalInMotion/Content/StarterContent/Shapes/Shape_Cylinder.uexp" 548
"G:/UnrealProjects/MetalInMotion/Content/_Game/LevelDesign/Arch_Base.uasset" 549
"G:/UnrealProjects/MetalInMotion/Content/_Game/LevelDesign/Arch_Base.uexp" 550
"G:/UnrealProjects/MetalInMotion/Content/StarterContent/Textures/T_Metal_Copper_D.uasset" 551
"G:/UnrealProjects/MetalInMotion/Content/StarterContent/Textures/T_Metal_Copper_D.uexp" 552
"G:/UnrealProjects/MetalInMotion/Content/StarterContent/Textures/T_Metal_Copper_D.ubulk" 553
"G:/UnrealProjects/MetalInMotion/Content/StarterContent/Materials/M_Metal_Copper.uasset" 554
"G:/UnrealProjects/MetalInMotion/Content/StarterContent/Materials/M_Metal_Copper.uexp" 555
"G:/UnrealProjects/MetalInMotion/Content/_Game/Maps/Level2.uexp" 556
"G:/UnrealProjects/MetalInMotion/Content/_Game/Maps/Level2.umap" 557
"G:/UnrealProjects/MetalInMotion/Content/_Game/Maps/Level3_BuiltData.uasset" 558
"G:/UnrealProjects/MetalInMotion/Content/_Game/Maps/Level3_BuiltData.uexp" 559
"G:/UnrealProjects/MetalInMotion/Content/_Game/Maps/Level3_BuiltData.ubulk" 560
"G:/UnrealProjects/MetalInMotion/Content/_Game/Maps/Level3.uexp" 561
"G:/UnrealProjects/MetalInMotion/Content/_Game/Maps/Level3.umap" 562
"G:/UnrealProjects/MetalInMotion/Content/_Game/Maps/Level4_BuiltData.uasset" 563
"G:/UnrealProjects/MetalInMotion/Content/_Game/Maps/Level4_BuiltData.uexp" 564
"G:/UnrealProjects/MetalInMotion/Content/_Game/Maps/Level4_BuiltData.ubulk" 565
"G:/UnrealProjects/MetalInMotion/Content/_Game/Maps/Level4.uexp" 566
"G:/UnrealProjects/MetalInMotion/Content/_Game/Maps/Level4.umap" 567
"G:/UnrealProjects/MetalInMotion/Content/_Game/Maps/Level5_BuiltData.uasset" 568
"G:/UnrealProjects/MetalInMotion/Content/_Game/Maps/Level5_BuiltData.uexp" 569
"G:/UnrealProjects/MetalInMotion/Content/_Game/Maps/Level5_BuiltData.ubulk" 570
"G:/UnrealProjects/MetalInMotion/Content/_Game/Maps/Level5.uexp" 571
"G:/UnrealProjects/MetalInMotion/Content/_Game/Maps/Level5.umap" 572
"G:/UnrealProjects/MetalInMotion/Content/_Game/Widgets/TutorialMenu.uasset" 573
"G:/UnrealProjects/MetalInMotion/Content/_Game/Widgets/TutorialMenu.uexp" 574
"G:/UnrealProjects/MetalInMotion/Content/_Game/Widgets/MainMenu.uasset" 575
"G:/UnrealProjects/MetalInMotion/Content/_Game/Widgets/MainMenu.uexp" 576
"G:/UnrealProjects/MetalInMotion/Content/_Game/Maps/MainMenu_BuiltData.uasset" 577
"G:/UnrealProjects/MetalInMotion/Content/_Game/Maps/MainMenu_BuiltData.uexp" 578
"G:/UnrealProjects/MetalInMotion/Content/_Game/GameData/MainMenuGameMode.uasset" 579
"G:/UnrealProjects/MetalInMotion/Content/_Game/GameData/MainMenuGameMode.uexp" 580
"G:/UnrealProjects/MetalInMotion/Content/_Game/Maps/MainMenu.uexp" 581
"G:/UnrealProjects/MetalInMotion/Content/_Game/Maps/MainMenu.umap" 582
"../../../Engine/Content/Maps/Entry_BuiltData.uasset" 583
"../../../Engine/Content/Maps/Entry_BuiltData.uexp" 584
"../../../Engine/Content/Maps/Entry.uexp" 585
"../../../Engine/Content/Maps/Entry.umap" 586
